<?xml version="1.0" encoding="UTF-8"?>
<testsuite xmlns:xsi="http://www.w3.org/2001/XMLSchema-instance" xsi:noNamespaceSchemaLocation="https://maven.apache.org/surefire/maven-surefire-plugin/xsd/surefire-test-report.xsd" name="de.htwberlin.service.PlayerManagementTest" time="0.05" tests="5" errors="0" skipped="0" failures="0">
  <properties>
    <property name="java.specification.version" value="17"/>
    <property name="sun.cpu.isalist" value="amd64"/>
    <property name="sun.jnu.encoding" value="Cp1252"/>
    <property name="java.class.path" value="C:\Users\ghazi\OneDrive\HTW\4. Sem\Komp bas Dev\MAuMAuGruppe2\PlayerManagement\target\test-classes;C:\Users\ghazi\OneDrive\HTW\4. Sem\Komp bas Dev\MAuMAuGruppe2\PlayerManagement\target\classes;C:\Users\ghazi\.m2\repository\de\htwberlin\CardsManagement\0.0.1-SNAPSHOT\CardsManagement-0.0.1-SNAPSHOT.jar;C:\Users\ghazi\.m2\repository\org\junit\jupiter\junit-jupiter-engine\5.10.2\junit-jupiter-engine-5.10.2.jar;C:\Users\ghazi\.m2\repository\org\junit\platform\junit-platform-engine\1.10.2\junit-platform-engine-1.10.2.jar;C:\Users\ghazi\.m2\repository\org\opentest4j\opentest4j\1.3.0\opentest4j-1.3.0.jar;C:\Users\ghazi\.m2\repository\org\junit\platform\junit-platform-commons\1.10.2\junit-platform-commons-1.10.2.jar;C:\Users\ghazi\.m2\repository\org\junit\jupiter\junit-jupiter-api\5.10.2\junit-jupiter-api-5.10.2.jar;C:\Users\ghazi\.m2\repository\org\apiguardian\apiguardian-api\1.1.2\apiguardian-api-1.1.2.jar;C:\Users\ghazi\.m2\repository\org\mockito\mockito-core\5.11.0\mockito-core-5.11.0.jar;C:\Users\ghazi\.m2\repository\net\bytebuddy\byte-buddy\1.14.12\byte-buddy-1.14.12.jar;C:\Users\ghazi\.m2\repository\net\bytebuddy\byte-buddy-agent\1.14.12\byte-buddy-agent-1.14.12.jar;C:\Users\ghazi\.m2\repository\org\objenesis\objenesis\3.3\objenesis-3.3.jar;"/>
    <property name="java.vm.vendor" value="Amazon.com Inc."/>
    <property name="sun.arch.data.model" value="64"/>
    <property name="user.variant" value=""/>
    <property name="java.vendor.url" value="https://aws.amazon.com/corretto/"/>
    <property name="user.timezone" value="Europe/Berlin"/>
    <property name="user.country.format" value="DE"/>
    <property name="os.name" value="Windows 11"/>
    <property name="java.vm.specification.version" value="17"/>
    <property name="sun.java.launcher" value="SUN_STANDARD"/>
    <property name="user.country" value="GB"/>
    <property name="sun.boot.library.path" value="C:\Users\ghazi\.jdks\corretto-17.0.11\bin"/>
    <property name="sun.java.command" value="C:\Users\ghazi\AppData\Local\Temp\surefire781812352788024310\surefirebooter15470762500511596894.jar C:\Users\ghazi\AppData\Local\Temp\surefire781812352788024310 2024-05-15T16-01-23_553-jvmRun1 surefire16812884572205136921tmp surefire_03212616474491241315tmp"/>
    <property name="jdk.debug" value="release"/>
    <property name="surefire.test.class.path" value="C:\Users\ghazi\OneDrive\HTW\4. Sem\Komp bas Dev\MAuMAuGruppe2\PlayerManagement\target\test-classes;C:\Users\ghazi\OneDrive\HTW\4. Sem\Komp bas Dev\MAuMAuGruppe2\PlayerManagement\target\classes;C:\Users\ghazi\.m2\repository\de\htwberlin\CardsManagement\0.0.1-SNAPSHOT\CardsManagement-0.0.1-SNAPSHOT.jar;C:\Users\ghazi\.m2\repository\org\junit\jupiter\junit-jupiter-engine\5.10.2\junit-jupiter-engine-5.10.2.jar;C:\Users\ghazi\.m2\repository\org\junit\platform\junit-platform-engine\1.10.2\junit-platform-engine-1.10.2.jar;C:\Users\ghazi\.m2\repository\org\opentest4j\opentest4j\1.3.0\opentest4j-1.3.0.jar;C:\Users\ghazi\.m2\repository\org\junit\platform\junit-platform-commons\1.10.2\junit-platform-commons-1.10.2.jar;C:\Users\ghazi\.m2\repository\org\junit\jupiter\junit-jupiter-api\5.10.2\junit-jupiter-api-5.10.2.jar;C:\Users\ghazi\.m2\repository\org\apiguardian\apiguardian-api\1.1.2\apiguardian-api-1.1.2.jar;C:\Users\ghazi\.m2\repository\org\mockito\mockito-core\5.11.0\mockito-core-5.11.0.jar;C:\Users\ghazi\.m2\repository\net\bytebuddy\byte-buddy\1.14.12\byte-buddy-1.14.12.jar;C:\Users\ghazi\.m2\repository\net\bytebuddy\byte-buddy-agent\1.14.12\byte-buddy-agent-1.14.12.jar;C:\Users\ghazi\.m2\repository\org\objenesis\objenesis\3.3\objenesis-3.3.jar;"/>
    <property name="sun.cpu.endian" value="little"/>
    <property name="user.home" value="C:\Users\ghazi"/>
    <property name="user.language" value="en"/>
    <property name="java.specification.vendor" value="Oracle Corporation"/>
    <property name="java.version.date" value="2024-04-16"/>
    <property name="java.home" value="C:\Users\ghazi\.jdks\corretto-17.0.11"/>
    <property name="file.separator" value="\"/>
    <property name="basedir" value="C:\Users\ghazi\OneDrive\HTW\4. Sem\Komp bas Dev\MAuMAuGruppe2\PlayerManagement"/>
    <property name="java.vm.compressedOopsMode" value="Zero based"/>
    <property name="line.separator" value="&#10;"/>
    <property name="java.vm.specification.vendor" value="Oracle Corporation"/>
    <property name="java.specification.name" value="Java Platform API Specification"/>
    <property name="surefire.real.class.path" value="C:\Users\ghazi\AppData\Local\Temp\surefire781812352788024310\surefirebooter15470762500511596894.jar"/>
    <property name="user.script" value=""/>
    <property name="sun.management.compiler" value="HotSpot 64-Bit Tiered Compilers"/>
    <property name="java.runtime.version" value="17.0.11+9-LTS"/>
    <property name="user.name" value="ghazi"/>
    <property name="path.separator" value=";"/>
    <property name="os.version" value="10.0"/>
    <property name="java.runtime.name" value="OpenJDK Runtime Environment"/>
    <property name="file.encoding" value="Cp1252"/>
    <property name="java.vm.name" value="OpenJDK 64-Bit Server VM"/>
    <property name="java.vendor.version" value="Corretto-17.0.11.9.1"/>
    <property name="localRepository" value="C:\Users\ghazi\.m2\repository"/>
    <property name="java.vendor.url.bug" value="https://github.com/corretto/corretto-17/issues/"/>
    <property name="java.io.tmpdir" value="C:\Users\ghazi\AppData\Local\Temp\"/>
    <property name="idea.version" value="2024.1.1"/>
    <property name="java.version" value="17.0.11"/>
    <property name="user.dir" value="C:\Users\ghazi\OneDrive\HTW\4. Sem\Komp bas Dev\MAuMAuGruppe2\PlayerManagement"/>
    <property name="os.arch" value="amd64"/>
    <property name="java.vm.specification.name" value="Java Virtual Machine Specification"/>
    <property name="user.language.format" value="de"/>
    <property name="sun.os.patch.level" value=""/>
    <property name="native.encoding" value="Cp1252"/>
    <property name="java.library.path" value="C:\Users\ghazi\.jdks\corretto-17.0.11\bin;C:\WINDOWS\Sun\Java\bin;C:\WINDOWS\system32;C:\WINDOWS;C:\Program Files\Python312\Scripts\;C:\Program Files\Python312\;C:\Program Files\Common Files\Oracle\Java\javapath;C:\Program Files\Java\jdk-17\bin;C:\WINDOWS\system32;C:\WINDOWS;C:\WINDOWS\System32\Wbem;C:\WINDOWS\System32\WindowsPowerShell\v1.0\;C:\WINDOWS\System32\OpenSSH\;C:\Program Files\Microsoft SQL Server\150\Tools\Binn\;C:\Program Files\Microsoft SQL Server\Client SDK\ODBC\170\Tools\Binn\;C:\Program Files\dotnet\;C:\WINDOWS\system32;C:\WINDOWS;C:\WINDOWS\System32\Wbem;C:\WINDOWS\System32\WindowsPowerShell\v1.0\;C:\WINDOWS\System32\OpenSSH\;C:\ProgramData\chocolatey\bin;C:\tools\php82;C:\Program Files\nodejs\;C:\Program Files\Git\cmd;C:\Program Files\OpenJDK\jdk-21.0.2\bin;C:\Program Files\Docker\Docker\resources\bin;C:\Program Files\Java\apache-maven-3.9.6\bin;C:\Users\ghazi\AppData\Roaming\Microsoft\Windows\Start Menu\Programs\Python 3.12;C:\Users\ghazi\AppData\Local\Microsoft\WindowsApps;C:\Users\ghazi\.dotnet\tools;C:\Users\ghazi\AppData\Local\Programs\Microsoft VS Code\bin;C:\Users\ghazi\AppData\Local\JetBrains\Toolbox\scripts;C:\Users\ghazi\AppData\Local\Pandoc\;C:\Users\ghazi\AppData\Roaming\npm;C:\Program Files\Heroku\bin;C:\Users\ghazi\AppData\Local\Programs\MiKTeX\miktex\bin\x64\;C:\Program Files\Java\apache-maven-3.9.6\bin;C:\Users\ghazi\AppData\Roaming\Microsoft\Windows\Start Menu\Programs\Python 3.12;;."/>
    <property name="java.vm.info" value="mixed mode, sharing"/>
    <property name="java.vendor" value="Amazon.com Inc."/>
    <property name="java.vm.version" value="17.0.11+9-LTS"/>
    <property name="sun.io.unicode.encoding" value="UnicodeLittle"/>
    <property name="java.class.version" value="61.0"/>
  </properties>
  <testcase name="mau" classname="de.htwberlin.service.PlayerManagementTest" time="0.022"/>
  <testcase name="lostMau" classname="de.htwberlin.service.PlayerManagementTest" time="0"/>
  <testcase name="sortPlayersCards" classname="de.htwberlin.service.PlayerManagementTest" time="0.001"/>
  <testcase name="createPlayer" classname="de.htwberlin.service.PlayerManagementTest" time="0.006"/>
  <testcase name="surrender" classname="de.htwberlin.service.PlayerManagementTest" time="0.001"/>
</testsuite>